21-Dec-2024 12:18:14.283 INFO [main] org.apache.catalina.startup.VersionLoggerListener.log Nom version serveur :              Apache Tomcat/11.0.2
21-Dec-2024 12:18:14.291 INFO [main] org.apache.catalina.startup.VersionLoggerListener.log Serveur compilé :                  Dec 5 2024 15:19:37 UTC
21-Dec-2024 12:18:14.292 INFO [main] org.apache.catalina.startup.VersionLoggerListener.log Version du serveur :               11.0.2.0
21-Dec-2024 12:18:14.292 INFO [main] org.apache.catalina.startup.VersionLoggerListener.log Nom de l'OS :                      Windows 11
21-Dec-2024 12:18:14.292 INFO [main] org.apache.catalina.startup.VersionLoggerListener.log Version OS :                       10.0
21-Dec-2024 12:18:14.292 INFO [main] org.apache.catalina.startup.VersionLoggerListener.log Architecture :                     amd64
21-Dec-2024 12:18:14.292 INFO [main] org.apache.catalina.startup.VersionLoggerListener.log Java Home :                        C:\Program Files\Java\jdk-23
21-Dec-2024 12:18:14.292 INFO [main] org.apache.catalina.startup.VersionLoggerListener.log Version JVM :                      23.0.1+11-39
21-Dec-2024 12:18:14.292 INFO [main] org.apache.catalina.startup.VersionLoggerListener.log Fournisseur de la JVM :            Oracle Corporation
21-Dec-2024 12:18:14.292 INFO [main] org.apache.catalina.startup.VersionLoggerListener.log CATALINA_BASE :                    C:\Users\PC\IdeaProjects\JSP_Calcul_Calcul_dImpot
21-Dec-2024 12:18:14.293 INFO [main] org.apache.catalina.startup.VersionLoggerListener.log CATALINA_HOME :                    C:\Users\PC\Downloads\apache-tomcat-11.0.2\apache-tomcat-11.0.2
21-Dec-2024 12:18:14.303 INFO [main] org.apache.catalina.startup.VersionLoggerListener.log Argument de la ligne de commande : --add-opens=java.base/java.lang=ALL-UNNAMED
21-Dec-2024 12:18:14.303 INFO [main] org.apache.catalina.startup.VersionLoggerListener.log Argument de la ligne de commande : --add-opens=java.base/java.io=ALL-UNNAMED
21-Dec-2024 12:18:14.303 INFO [main] org.apache.catalina.startup.VersionLoggerListener.log Argument de la ligne de commande : --add-opens=java.base/java.util=ALL-UNNAMED
21-Dec-2024 12:18:14.305 INFO [main] org.apache.catalina.startup.VersionLoggerListener.log Argument de la ligne de commande : --add-opens=java.base/java.util.concurrent=ALL-UNNAMED
21-Dec-2024 12:18:14.305 INFO [main] org.apache.catalina.startup.VersionLoggerListener.log Argument de la ligne de commande : --add-opens=java.rmi/sun.rmi.transport=ALL-UNNAMED
21-Dec-2024 12:18:14.305 INFO [main] org.apache.catalina.startup.VersionLoggerListener.log Argument de la ligne de commande : -Dcatalina.home=C:\Users\PC\Downloads\apache-tomcat-11.0.2\apache-tomcat-11.0.2
21-Dec-2024 12:18:14.305 INFO [main] org.apache.catalina.startup.VersionLoggerListener.log Argument de la ligne de commande : -Dcatalina.base=C:\Users\PC\IdeaProjects\JSP_Calcul_Calcul_dImpot
21-Dec-2024 12:18:14.305 INFO [main] org.apache.catalina.startup.VersionLoggerListener.log Argument de la ligne de commande : -Djava.io.tmpdir=C:\Users\PC\IdeaProjects\JSP_Calcul_Calcul_dImpot\temp
21-Dec-2024 12:18:14.305 INFO [main] org.apache.catalina.startup.VersionLoggerListener.log Argument de la ligne de commande : -Djava.util.logging.config.file=C:\Users\PC\IdeaProjects\JSP_Calcul_Calcul_dImpot\conf\logging.properties
21-Dec-2024 12:18:14.305 INFO [main] org.apache.catalina.startup.VersionLoggerListener.log Argument de la ligne de commande : -Djava.util.logging.manager=org.apache.juli.ClassLoaderLogManager
21-Dec-2024 12:18:14.305 INFO [main] org.apache.catalina.startup.VersionLoggerListener.log Argument de la ligne de commande : -javaagent:C:\Program Files\JetBrains\IntelliJ IDEA Community Edition 2024.2.4\lib\idea_rt.jar=59319:C:\Program Files\JetBrains\IntelliJ IDEA Community Edition 2024.2.4\bin
21-Dec-2024 12:18:14.305 INFO [main] org.apache.catalina.startup.VersionLoggerListener.log Argument de la ligne de commande : -Dfile.encoding=UTF-8
21-Dec-2024 12:18:14.305 INFO [main] org.apache.catalina.startup.VersionLoggerListener.log Argument de la ligne de commande : -Dsun.stdout.encoding=UTF-8
21-Dec-2024 12:18:14.305 INFO [main] org.apache.catalina.startup.VersionLoggerListener.log Argument de la ligne de commande : -Dsun.stderr.encoding=UTF-8
21-Dec-2024 12:18:14.316 INFO [main] org.apache.catalina.core.AprLifecycleListener.lifecycleEvent La librairie Apache Tomcat Native basée sur APR qui permet des performances optimales dans les environnements de production n'a pas été trouvée sur le java.library.path : [C:\Program Files\Java\jdk-23\bin;C:\WINDOWS\Sun\Java\bin;C:\WINDOWS\system32;C:\WINDOWS;C:\Program Files\Common Files\Oracle\Java\javapath;C:\Program Files (x86)\Common Files\Oracle\Java\java8path;C:\Program Files (x86)\Common Files\Oracle\Java\javapath;C:\WINDOWS\system32;C:\WINDOWS;C:\WINDOWS\System32\Wbem;C:\WINDOWS\System32\WindowsPowerShell\v1.0\;C:\WINDOWS\System32\OpenSSH\;C:\Program Files\dotnet\;C:\Program Files\Git\cmd;C:\Program Files\Microsoft SQL Server\Client SDK\ODBC\130\Tools\Binn\;C:\Program Files\Microsoft SQL Server\Client SDK\ODBC\170\Tools\Binn\;C:\Program Files (x86)\Microsoft SQL Server\140\Tools\Binn\;C:\Program Files\Microsoft SQL Server\140\Tools\Binn\;C:\Program Files (x86)\Microsoft SQL Server\140\DTS\Binn\;C:\Program Files\Microsoft SQL Server\140\DTS\Binn\;C:\Program Files (x86)\Microsoft SQL Server\Client SDK\ODBC\130\Tools\Binn\;C:\Program Files (x86)\Microsoft SQL Server\140\Tools\Binn\ManagementStudio\;C:\Program Files\Microsoft SQL Server\150\Tools\Binn\;C:\Program Files\Docker\Docker\resources\bin;C:\Program Files\nodejs\;C:\Users\PC\AppData\Local\Microsoft\WindowsApps;C:\Users\PC\.dotnet\tools;C:\Program Files\JetBrains\IntelliJ IDEA Community Edition 2024.2.4\bin;;C:\Users\PC\AppData\Local\Programs\Microsoft VS Code\bin;C:\Users\PC\AppData\Roaming\npm;;.]
21-Dec-2024 12:18:14.835 INFO [main] org.apache.coyote.AbstractProtocol.init Initialisation du gestionnaire de protocole ["http-nio-8080"]
21-Dec-2024 12:18:14.859 INFO [main] org.apache.catalina.startup.Catalina.load L'initialisation du serveur a pris [982] millisecondes
21-Dec-2024 12:18:14.930 INFO [main] org.apache.catalina.core.StandardService.startInternal Démarrage du service [Catalina]
21-Dec-2024 12:18:14.931 INFO [main] org.apache.catalina.core.StandardEngine.startInternal Démarrage du moteur de Servlets : [Apache Tomcat/11.0.2]
21-Dec-2024 12:18:14.958 INFO [main] org.apache.catalina.startup.HostConfig.deployDescriptor Déploiement du descripteur de configuration [C:\Users\PC\IdeaProjects\JSP_Calcul_Calcul_dImpot\conf\Catalina\localhost\JSP_Calcul_Calcul_dImpot.xml]
21-Dec-2024 12:18:15.427 INFO [main] org.apache.catalina.startup.HostConfig.deployDescriptor Le traitement du descripteur de déploiement [C:\Users\PC\IdeaProjects\JSP_Calcul_Calcul_dImpot\conf\Catalina\localhost\JSP_Calcul_Calcul_dImpot.xml] a pris [467] ms
21-Dec-2024 12:18:15.433 INFO [main] org.apache.coyote.AbstractProtocol.start Démarrage du gestionnaire de protocole ["http-nio-8080"]
21-Dec-2024 12:18:15.480 INFO [main] org.apache.catalina.startup.Catalina.start Le démarrage du serveur a pris [620] millisecondes
21-Dec-2024 13:51:25.794 INFO [Thread-1] org.apache.coyote.AbstractProtocol.pause Le gestionnaire de protocole ["http-nio-8080"] est mis en pause
21-Dec-2024 13:51:25.805 INFO [Thread-1] org.apache.catalina.core.StandardService.stopInternal Arrêt du service [Catalina]
21-Dec-2024 13:51:25.834 INFO [Thread-1] org.apache.coyote.AbstractProtocol.stop Arrêt du gestionnaire de protocole ["http-nio-8080"]
21-Dec-2024 13:51:25.848 INFO [Thread-1] org.apache.coyote.AbstractProtocol.destroy Destruction du gestionnaire de protocole ["http-nio-8080"]
21-Dec-2024 13:51:35.265 INFO [main] org.apache.catalina.startup.VersionLoggerListener.log Nom version serveur :              Apache Tomcat/11.0.2
21-Dec-2024 13:51:35.271 INFO [main] org.apache.catalina.startup.VersionLoggerListener.log Serveur compilé :                  Dec 5 2024 15:19:37 UTC
21-Dec-2024 13:51:35.271 INFO [main] org.apache.catalina.startup.VersionLoggerListener.log Version du serveur :               11.0.2.0
21-Dec-2024 13:51:35.271 INFO [main] org.apache.catalina.startup.VersionLoggerListener.log Nom de l'OS :                      Windows 11
21-Dec-2024 13:51:35.272 INFO [main] org.apache.catalina.startup.VersionLoggerListener.log Version OS :                       10.0
21-Dec-2024 13:51:35.272 INFO [main] org.apache.catalina.startup.VersionLoggerListener.log Architecture :                     amd64
21-Dec-2024 13:51:35.272 INFO [main] org.apache.catalina.startup.VersionLoggerListener.log Java Home :                        C:\Program Files\Java\jdk-23
21-Dec-2024 13:51:35.272 INFO [main] org.apache.catalina.startup.VersionLoggerListener.log Version JVM :                      23.0.1+11-39
21-Dec-2024 13:51:35.272 INFO [main] org.apache.catalina.startup.VersionLoggerListener.log Fournisseur de la JVM :            Oracle Corporation
21-Dec-2024 13:51:35.272 INFO [main] org.apache.catalina.startup.VersionLoggerListener.log CATALINA_BASE :                    C:\Users\PC\IdeaProjects\JSP_Calcul_Calcul_dImpot
21-Dec-2024 13:51:35.272 INFO [main] org.apache.catalina.startup.VersionLoggerListener.log CATALINA_HOME :                    C:\Users\PC\Downloads\apache-tomcat-11.0.2\apache-tomcat-11.0.2
21-Dec-2024 13:51:35.284 INFO [main] org.apache.catalina.startup.VersionLoggerListener.log Argument de la ligne de commande : --add-opens=java.base/java.lang=ALL-UNNAMED
21-Dec-2024 13:51:35.284 INFO [main] org.apache.catalina.startup.VersionLoggerListener.log Argument de la ligne de commande : --add-opens=java.base/java.io=ALL-UNNAMED
21-Dec-2024 13:51:35.284 INFO [main] org.apache.catalina.startup.VersionLoggerListener.log Argument de la ligne de commande : --add-opens=java.base/java.util=ALL-UNNAMED
21-Dec-2024 13:51:35.284 INFO [main] org.apache.catalina.startup.VersionLoggerListener.log Argument de la ligne de commande : --add-opens=java.base/java.util.concurrent=ALL-UNNAMED
21-Dec-2024 13:51:35.284 INFO [main] org.apache.catalina.startup.VersionLoggerListener.log Argument de la ligne de commande : --add-opens=java.rmi/sun.rmi.transport=ALL-UNNAMED
21-Dec-2024 13:51:35.284 INFO [main] org.apache.catalina.startup.VersionLoggerListener.log Argument de la ligne de commande : -Dcatalina.home=C:\Users\PC\Downloads\apache-tomcat-11.0.2\apache-tomcat-11.0.2
21-Dec-2024 13:51:35.284 INFO [main] org.apache.catalina.startup.VersionLoggerListener.log Argument de la ligne de commande : -Dcatalina.base=C:\Users\PC\IdeaProjects\JSP_Calcul_Calcul_dImpot
21-Dec-2024 13:51:35.284 INFO [main] org.apache.catalina.startup.VersionLoggerListener.log Argument de la ligne de commande : -Djava.io.tmpdir=C:\Users\PC\IdeaProjects\JSP_Calcul_Calcul_dImpot\temp
21-Dec-2024 13:51:35.284 INFO [main] org.apache.catalina.startup.VersionLoggerListener.log Argument de la ligne de commande : -Djava.util.logging.config.file=C:\Users\PC\IdeaProjects\JSP_Calcul_Calcul_dImpot\conf\logging.properties
21-Dec-2024 13:51:35.284 INFO [main] org.apache.catalina.startup.VersionLoggerListener.log Argument de la ligne de commande : -Djava.util.logging.manager=org.apache.juli.ClassLoaderLogManager
21-Dec-2024 13:51:35.284 INFO [main] org.apache.catalina.startup.VersionLoggerListener.log Argument de la ligne de commande : -javaagent:C:\Program Files\JetBrains\IntelliJ IDEA Community Edition 2024.2.4\lib\idea_rt.jar=60453:C:\Program Files\JetBrains\IntelliJ IDEA Community Edition 2024.2.4\bin
21-Dec-2024 13:51:35.285 INFO [main] org.apache.catalina.startup.VersionLoggerListener.log Argument de la ligne de commande : -Dfile.encoding=UTF-8
21-Dec-2024 13:51:35.285 INFO [main] org.apache.catalina.startup.VersionLoggerListener.log Argument de la ligne de commande : -Dsun.stdout.encoding=UTF-8
21-Dec-2024 13:51:35.285 INFO [main] org.apache.catalina.startup.VersionLoggerListener.log Argument de la ligne de commande : -Dsun.stderr.encoding=UTF-8
21-Dec-2024 13:51:35.297 INFO [main] org.apache.catalina.core.AprLifecycleListener.lifecycleEvent La librairie Apache Tomcat Native basée sur APR qui permet des performances optimales dans les environnements de production n'a pas été trouvée sur le java.library.path : [C:\Program Files\Java\jdk-23\bin;C:\WINDOWS\Sun\Java\bin;C:\WINDOWS\system32;C:\WINDOWS;C:\Program Files\Common Files\Oracle\Java\javapath;C:\Program Files (x86)\Common Files\Oracle\Java\java8path;C:\Program Files (x86)\Common Files\Oracle\Java\javapath;C:\WINDOWS\system32;C:\WINDOWS;C:\WINDOWS\System32\Wbem;C:\WINDOWS\System32\WindowsPowerShell\v1.0\;C:\WINDOWS\System32\OpenSSH\;C:\Program Files\dotnet\;C:\Program Files\Git\cmd;C:\Program Files\Microsoft SQL Server\Client SDK\ODBC\130\Tools\Binn\;C:\Program Files\Microsoft SQL Server\Client SDK\ODBC\170\Tools\Binn\;C:\Program Files (x86)\Microsoft SQL Server\140\Tools\Binn\;C:\Program Files\Microsoft SQL Server\140\Tools\Binn\;C:\Program Files (x86)\Microsoft SQL Server\140\DTS\Binn\;C:\Program Files\Microsoft SQL Server\140\DTS\Binn\;C:\Program Files (x86)\Microsoft SQL Server\Client SDK\ODBC\130\Tools\Binn\;C:\Program Files (x86)\Microsoft SQL Server\140\Tools\Binn\ManagementStudio\;C:\Program Files\Microsoft SQL Server\150\Tools\Binn\;C:\Program Files\Docker\Docker\resources\bin;C:\Program Files\nodejs\;C:\Users\PC\AppData\Local\Microsoft\WindowsApps;C:\Users\PC\.dotnet\tools;C:\Program Files\JetBrains\IntelliJ IDEA Community Edition 2024.2.4\bin;;C:\Users\PC\AppData\Local\Programs\Microsoft VS Code\bin;C:\Users\PC\AppData\Roaming\npm;;.]
21-Dec-2024 13:51:35.760 INFO [main] org.apache.coyote.AbstractProtocol.init Initialisation du gestionnaire de protocole ["http-nio-8080"]
21-Dec-2024 13:51:35.796 INFO [main] org.apache.catalina.startup.Catalina.load L'initialisation du serveur a pris [844] millisecondes
21-Dec-2024 13:51:35.890 INFO [main] org.apache.catalina.core.StandardService.startInternal Démarrage du service [Catalina]
21-Dec-2024 13:51:35.891 INFO [main] org.apache.catalina.core.StandardEngine.startInternal Démarrage du moteur de Servlets : [Apache Tomcat/11.0.2]
21-Dec-2024 13:51:35.907 INFO [main] org.apache.catalina.startup.HostConfig.deployDescriptor Déploiement du descripteur de configuration [C:\Users\PC\IdeaProjects\JSP_Calcul_Calcul_dImpot\conf\Catalina\localhost\JSP_Calcul_Calcul_dImpot.xml]
21-Dec-2024 13:51:36.362 INFO [main] org.apache.catalina.startup.HostConfig.deployDescriptor Le traitement du descripteur de déploiement [C:\Users\PC\IdeaProjects\JSP_Calcul_Calcul_dImpot\conf\Catalina\localhost\JSP_Calcul_Calcul_dImpot.xml] a pris [454] ms
21-Dec-2024 13:51:36.367 INFO [main] org.apache.coyote.AbstractProtocol.start Démarrage du gestionnaire de protocole ["http-nio-8080"]
21-Dec-2024 13:51:36.387 INFO [main] org.apache.catalina.startup.Catalina.start Le démarrage du serveur a pris [589] millisecondes
21-Dec-2024 14:00:20.558 INFO [Thread-1] org.apache.coyote.AbstractProtocol.pause Le gestionnaire de protocole ["http-nio-8080"] est mis en pause
21-Dec-2024 14:00:20.566 INFO [Thread-1] org.apache.catalina.core.StandardService.stopInternal Arrêt du service [Catalina]
21-Dec-2024 14:00:20.576 INFO [Thread-1] org.apache.coyote.AbstractProtocol.stop Arrêt du gestionnaire de protocole ["http-nio-8080"]
21-Dec-2024 14:00:20.579 INFO [Thread-1] org.apache.coyote.AbstractProtocol.destroy Destruction du gestionnaire de protocole ["http-nio-8080"]
