25-Dec-2024 15:23:10.685 INFO [main] org.apache.catalina.startup.VersionLoggerListener.log Nom version serveur :              Apache Tomcat/11.0.2
25-Dec-2024 15:23:10.701 INFO [main] org.apache.catalina.startup.VersionLoggerListener.log Serveur compilé :                  Dec 5 2024 15:19:37 UTC
25-Dec-2024 15:23:10.701 INFO [main] org.apache.catalina.startup.VersionLoggerListener.log Version du serveur :               11.0.2.0
25-Dec-2024 15:23:10.702 INFO [main] org.apache.catalina.startup.VersionLoggerListener.log Nom de l'OS :                      Windows 11
25-Dec-2024 15:23:10.702 INFO [main] org.apache.catalina.startup.VersionLoggerListener.log Version OS :                       10.0
25-Dec-2024 15:23:10.703 INFO [main] org.apache.catalina.startup.VersionLoggerListener.log Architecture :                     amd64
25-Dec-2024 15:23:10.704 INFO [main] org.apache.catalina.startup.VersionLoggerListener.log Java Home :                        C:\Program Files\Java\jdk-23
25-Dec-2024 15:23:10.704 INFO [main] org.apache.catalina.startup.VersionLoggerListener.log Version JVM :                      23.0.1+11-39
25-Dec-2024 15:23:10.704 INFO [main] org.apache.catalina.startup.VersionLoggerListener.log Fournisseur de la JVM :            Oracle Corporation
25-Dec-2024 15:23:10.705 INFO [main] org.apache.catalina.startup.VersionLoggerListener.log CATALINA_BASE :                    C:\Users\PC\Desktop\JSP_Calcul_Calcul_dImpot
25-Dec-2024 15:23:10.705 INFO [main] org.apache.catalina.startup.VersionLoggerListener.log CATALINA_HOME :                    C:\Users\PC\Downloads\apache-tomcat-11.0.2\apache-tomcat-11.0.2
25-Dec-2024 15:23:10.745 INFO [main] org.apache.catalina.startup.VersionLoggerListener.log Argument de la ligne de commande : --add-opens=java.base/java.lang=ALL-UNNAMED
25-Dec-2024 15:23:10.745 INFO [main] org.apache.catalina.startup.VersionLoggerListener.log Argument de la ligne de commande : --add-opens=java.base/java.io=ALL-UNNAMED
25-Dec-2024 15:23:10.746 INFO [main] org.apache.catalina.startup.VersionLoggerListener.log Argument de la ligne de commande : --add-opens=java.base/java.util=ALL-UNNAMED
25-Dec-2024 15:23:10.746 INFO [main] org.apache.catalina.startup.VersionLoggerListener.log Argument de la ligne de commande : --add-opens=java.base/java.util.concurrent=ALL-UNNAMED
25-Dec-2024 15:23:10.746 INFO [main] org.apache.catalina.startup.VersionLoggerListener.log Argument de la ligne de commande : --add-opens=java.rmi/sun.rmi.transport=ALL-UNNAMED
25-Dec-2024 15:23:10.747 INFO [main] org.apache.catalina.startup.VersionLoggerListener.log Argument de la ligne de commande : -Dcatalina.home=C:\Users\PC\Downloads\apache-tomcat-11.0.2\apache-tomcat-11.0.2
25-Dec-2024 15:23:10.747 INFO [main] org.apache.catalina.startup.VersionLoggerListener.log Argument de la ligne de commande : -Dcatalina.base=C:\Users\PC\Desktop\JSP_Calcul_Calcul_dImpot
25-Dec-2024 15:23:10.748 INFO [main] org.apache.catalina.startup.VersionLoggerListener.log Argument de la ligne de commande : -Djava.io.tmpdir=C:\Users\PC\Desktop\JSP_Calcul_Calcul_dImpot\temp
25-Dec-2024 15:23:10.748 INFO [main] org.apache.catalina.startup.VersionLoggerListener.log Argument de la ligne de commande : -Djava.util.logging.config.file=C:\Users\PC\Desktop\JSP_Calcul_Calcul_dImpot\conf\logging.properties
25-Dec-2024 15:23:10.748 INFO [main] org.apache.catalina.startup.VersionLoggerListener.log Argument de la ligne de commande : -Djava.util.logging.manager=org.apache.juli.ClassLoaderLogManager
25-Dec-2024 15:23:10.749 INFO [main] org.apache.catalina.startup.VersionLoggerListener.log Argument de la ligne de commande : -javaagent:C:\Program Files\JetBrains\IntelliJ IDEA Community Edition 2024.2.4\lib\idea_rt.jar=53634:C:\Program Files\JetBrains\IntelliJ IDEA Community Edition 2024.2.4\bin
25-Dec-2024 15:23:10.749 INFO [main] org.apache.catalina.startup.VersionLoggerListener.log Argument de la ligne de commande : -Dfile.encoding=UTF-8
25-Dec-2024 15:23:10.749 INFO [main] org.apache.catalina.startup.VersionLoggerListener.log Argument de la ligne de commande : -Dsun.stdout.encoding=UTF-8
25-Dec-2024 15:23:10.749 INFO [main] org.apache.catalina.startup.VersionLoggerListener.log Argument de la ligne de commande : -Dsun.stderr.encoding=UTF-8
25-Dec-2024 15:23:10.822 INFO [main] org.apache.catalina.core.AprLifecycleListener.lifecycleEvent La librairie Apache Tomcat Native basée sur APR qui permet des performances optimales dans les environnements de production n'a pas été trouvée sur le java.library.path : [C:\Program Files\Java\jdk-23\bin;C:\WINDOWS\Sun\Java\bin;C:\WINDOWS\system32;C:\WINDOWS;C:\Python312\Scripts\;C:\Python312\;C:\Program Files\Common Files\Oracle\Java\javapath;C:\Program Files (x86)\Common Files\Oracle\Java\java8path;C:\Program Files (x86)\Common Files\Oracle\Java\javapath;C:\WINDOWS\system32;C:\WINDOWS;C:\WINDOWS\System32\Wbem;C:\WINDOWS\System32\WindowsPowerShell\v1.0\;C:\WINDOWS\System32\OpenSSH\;C:\Program Files\dotnet\;C:\Program Files\Git\cmd;C:\Program Files\Microsoft SQL Server\Client SDK\ODBC\130\Tools\Binn\;C:\Program Files\Microsoft SQL Server\Client SDK\ODBC\170\Tools\Binn\;C:\Program Files (x86)\Microsoft SQL Server\140\Tools\Binn\;C:\Program Files\Microsoft SQL Server\140\Tools\Binn\;C:\Program Files (x86)\Microsoft SQL Server\140\DTS\Binn\;C:\Program Files\Microsoft SQL Server\140\DTS\Binn\;C:\Program Files (x86)\Microsoft SQL Server\Client SDK\ODBC\130\Tools\Binn\;C:\Program Files (x86)\Microsoft SQL Server\140\Tools\Binn\ManagementStudio\;C:\Program Files\Microsoft SQL Server\150\Tools\Binn\;C:\Program Files\Docker\Docker\resources\bin;C:\Program Files\nodejs\;C:\ProgramData\chocolatey\bin;C:\Users\PC\AppData\Local\Microsoft\WindowsApps;C:\Users\PC\.dotnet\tools;C:\Program Files\JetBrains\IntelliJ IDEA Community Edition 2024.2.4\bin;;C:\Users\PC\AppData\Local\Programs\Microsoft VS Code\bin;C:\Users\PC\AppData\Roaming\npm;.]
25-Dec-2024 15:23:11.844 INFO [main] org.apache.coyote.AbstractProtocol.init Initialisation du gestionnaire de protocole ["http-nio-8080"]
25-Dec-2024 15:23:11.885 INFO [main] org.apache.catalina.startup.Catalina.load L'initialisation du serveur a pris [1851] millisecondes
25-Dec-2024 15:23:12.015 INFO [main] org.apache.catalina.core.StandardService.startInternal Démarrage du service [Catalina]
25-Dec-2024 15:23:12.015 INFO [main] org.apache.catalina.core.StandardEngine.startInternal Démarrage du moteur de Servlets : [Apache Tomcat/11.0.2]
25-Dec-2024 15:23:12.040 INFO [main] org.apache.catalina.startup.HostConfig.deployDescriptor Déploiement du descripteur de configuration [C:\Users\PC\Desktop\JSP_Calcul_Calcul_dImpot\conf\Catalina\localhost\Gestion DImpot.xml]
25-Dec-2024 15:23:12.842 INFO [main] org.apache.catalina.startup.HostConfig.deployDescriptor Le traitement du descripteur de déploiement [C:\Users\PC\Desktop\JSP_Calcul_Calcul_dImpot\conf\Catalina\localhost\Gestion DImpot.xml] a pris [797] ms
25-Dec-2024 15:23:12.852 INFO [main] org.apache.coyote.AbstractProtocol.start Démarrage du gestionnaire de protocole ["http-nio-8080"]
25-Dec-2024 15:23:12.905 INFO [main] org.apache.catalina.startup.Catalina.start Le démarrage du serveur a pris [1017] millisecondes
25-Dec-2024 15:24:22.954 INFO [Catalina-utility-2] org.apache.catalina.startup.HostConfig.deployDescriptor Déploiement du descripteur de configuration [C:\Users\PC\Desktop\JSP_Calcul_Calcul_dImpot\conf\Catalina\localhost\JSP_Calcul_Calcul_dImpot.xml]
25-Dec-2024 15:24:23.147 INFO [Catalina-utility-2] org.apache.catalina.startup.HostConfig.deployDescriptor Le traitement du descripteur de déploiement [C:\Users\PC\Desktop\JSP_Calcul_Calcul_dImpot\conf\Catalina\localhost\JSP_Calcul_Calcul_dImpot.xml] a pris [193] ms
25-Dec-2024 15:24:54.323 INFO [Thread-1] org.apache.coyote.AbstractProtocol.pause Le gestionnaire de protocole ["http-nio-8080"] est mis en pause
25-Dec-2024 15:24:54.355 INFO [Thread-1] org.apache.catalina.core.StandardService.stopInternal Arrêt du service [Catalina]
25-Dec-2024 15:24:54.377 INFO [Thread-1] org.apache.coyote.AbstractProtocol.stop Arrêt du gestionnaire de protocole ["http-nio-8080"]
25-Dec-2024 15:24:54.383 INFO [Thread-1] org.apache.coyote.AbstractProtocol.destroy Destruction du gestionnaire de protocole ["http-nio-8080"]
